[debug] [2024-09-02T05:35:02.960Z] ----------------------------------------------------------------------
[debug] [2024-09-02T05:35:02.963Z] Command:       /usr/bin/node /usr/bin/firebase init
[debug] [2024-09-02T05:35:02.963Z] CLI Version:   13.16.0
[debug] [2024-09-02T05:35:02.963Z] Platform:      linux
[debug] [2024-09-02T05:35:02.963Z] Node Version:  v18.20.4
[debug] [2024-09-02T05:35:02.964Z] Time:          Mon Sep 02 2024 13:35:02 GMT+0800 (Central Indonesia Time)
[debug] [2024-09-02T05:35:02.964Z] ----------------------------------------------------------------------
[debug] 
[debug] [2024-09-02T05:35:02.972Z] > command requires scopes: ["email","openid","https://www.googleapis.com/auth/cloudplatformprojects.readonly","https://www.googleapis.com/auth/firebase","https://www.googleapis.com/auth/cloud-platform"]
[debug] [2024-09-02T05:35:02.973Z] > authorizing via signed-in user (elm4c99@gmail.com)
[info] 
     ######## #### ########  ######## ########     ###     ######  ########
     ##        ##  ##     ## ##       ##     ##  ##   ##  ##       ##
     ######    ##  ########  ######   ########  #########  ######  ######
     ##        ##  ##    ##  ##       ##     ## ##     ##       ## ##
     ##       #### ##     ## ######## ########  ##     ##  ######  ########

You're about to initialize a Firebase project in this directory:

  /home/elm4c99/Documents/Code/2024-08-08_hotelunhas/hotelunhas-next

[info] 
=== Project Setup
[info] 
[info] First, let's associate this project directory with a Firebase project.
[info] You can create multiple project aliases by running firebase use --add, 
[info] but for now we'll just set up a default project.
[info] 
[debug] [2024-09-02T05:35:06.685Z] >>> [apiv2][query] GET https://firebase.googleapis.com/v1beta1/projects pageSize=100
[debug] [2024-09-02T05:35:07.947Z] <<< [apiv2][status] GET https://firebase.googleapis.com/v1beta1/projects 200
[debug] [2024-09-02T05:35:07.947Z] <<< [apiv2][body] GET https://firebase.googleapis.com/v1beta1/projects [omitted]
[debug] [2024-09-02T05:35:16.206Z] Error: setRawMode EIO
    at ReadStream.setRawMode (node:tty:77:31)
    at [_setRawMode] [as _setRawMode] (node:internal/readline/interface:381:18)
    at Interface.close (node:internal/readline/interface:531:24)
    at ReadStream.ontermend (node:internal/readline/interface:267:10)
    at ReadStream.emit (node:events:529:35)
    at ReadStream.emit (node:domain:489:12)
    at endReadableNT (node:internal/streams/readable:1400:12)
    at process.processTicksAndRejections (node:internal/process/task_queues:82:21)
